<?xml version="1.0" encoding="UTF-8"?>
<!-- Generated by org.testng.reporters.JUnitReportReporter -->
<testsuite skipped="0" hostname="DESKTOP-R6CD7F5" name="com.testingShashtra1.RegressionTest" tests="1" failures="0" timestamp="2021-03-15T23:06:27 IST" time="16.474" errors="0">
  <testcase name="tc_02" time="16.474" classname="com.testingShashtra1.RegressionTest"/>
  <system-out/>
</testsuite> <!-- com.testingShashtra1.RegressionTest -->
